{"logTime": "0204/233918", "correlationVector":"pq3uAn5TQmFdWK9lxzPRnk.1","action":"SyncServerConnectionManagerRequest", "result":"SYNC_SERVER_OK", "context":{"environment":"Prod_eastus2_prod-s01-050-nam-eastus2", "migrationStage":"NotStarted", "server":"akswtt00400003c"}}
{"logTime": "0204/233923", "correlationVector":"NEmMa/QTCyOj6Fu/o84Tv6","action":"SyncServerConnectionManagerRequest", "result":"SYNC_SERVER_OK", "context":{"environment":"", "migrationStage":"", "server":""}}
{"logTime": "0204/233923", "correlationVector":"pq3uAn5TQmFdWK9lxzPRnk","action":"Initial GetUpdates", "result":"", "context":Reason: NEW_CLIENT. cV=pq3uAn5TQmFdWK9lxzPRnk}
{"logTime": "0204/233923", "correlationVector":"pq3uAn5TQmFdWK9lxzPRnk.2","action":"GetUpdates Response", "result":"Success", "context":Received 1 update(s). cV=pq3uAn5TQmFdWK9lxzPRnk.0;server=akswtt00400003c;cloudType=Consumer;environment=Prod_eastus2_prod-s01-050-nam-eastus2;migrationStage=NotStarted}
{"logTime": "0204/233923", "correlationVector":"qhYnrTIMYHaF8av8IfYo/y","action":"Initial GetUpdates", "result":"", "context":Reason: NEWLY_SUPPORTED_DATATYPE. cV=qhYnrTIMYHaF8av8IfYo/y}
{"logTime": "0204/233924", "correlationVector":"qhYnrTIMYHaF8av8IfYo/y.1","action":"SyncServerConnectionManagerRequest", "result":"SYNC_SERVER_OK", "context":{"environment":"Prod_eastus2_prod-s01-050-nam-eastus2", "migrationStage":"NotStarted", "server":"akswtt00400003g"}}
{"logTime": "0204/233924", "correlationVector":"qhYnrTIMYHaF8av8IfYo/y.2","action":"GetUpdates Response", "result":"Success", "context":Received 99 update(s). cV=qhYnrTIMYHaF8av8IfYo/y.0;server=akswtt00400003g;cloudType=Consumer;environment=Prod_eastus2_prod-s01-050-nam-eastus2;migrationStage=NotStarted}
{"logTime": "0204/233924", "correlationVector":"hIHZKMsG7QCGxFjFADSIWW","action":"Initial GetUpdates", "result":"", "context":Reason: NEWLY_SUPPORTED_DATATYPE. cV=hIHZKMsG7QCGxFjFADSIWW}
{"logTime": "0204/233924", "correlationVector":"hIHZKMsG7QCGxFjFADSIWW.1","action":"SyncServerConnectionManagerRequest", "result":"SYNC_SERVER_OK", "context":{"environment":"Prod_eastus2_prod-s01-050-nam-eastus2", "migrationStage":"NotStarted", "server":"akswtt004000044"}}
{"logTime": "0204/233924", "correlationVector":"hIHZKMsG7QCGxFjFADSIWW.2","action":"GetUpdates Response", "result":"Success", "context":Received 18 update(s). cV=hIHZKMsG7QCGxFjFADSIWW.0;server=akswtt004000044;cloudType=Consumer;environment=Prod_eastus2_prod-s01-050-nam-eastus2;migrationStage=NotStarted}
{"logTime": "0204/233924", "correlationVector":"VccGfxDZ6RZWQ6Zy5DTT3P","action":"Initial GetUpdates", "result":"", "context":Reason: NEWLY_SUPPORTED_DATATYPE. cV=VccGfxDZ6RZWQ6Zy5DTT3P}
{"logTime": "0204/233924", "correlationVector":"VccGfxDZ6RZWQ6Zy5DTT3P.1","action":"SyncServerConnectionManagerRequest", "result":"SYNC_SERVER_OK", "context":{"environment":"Prod_eastus2_prod-s01-050-nam-eastus2", "migrationStage":"NotStarted", "server":"akswtt00400001u"}}
{"logTime": "0204/233924", "correlationVector":"VccGfxDZ6RZWQ6Zy5DTT3P.2","action":"GetUpdates Response", "result":"Success", "context":Received 57 update(s). cV=VccGfxDZ6RZWQ6Zy5DTT3P.0;server=akswtt00400001u;cloudType=Consumer;environment=Prod_eastus2_prod-s01-050-nam-eastus2;migrationStage=NotStarted}
{"logTime": "0204/233924", "correlationVector":"PuyoSBT4SfIcUpHlUwfENb","action":"Initial GetUpdates", "result":"", "context":Reason: NEWLY_SUPPORTED_DATATYPE. cV=PuyoSBT4SfIcUpHlUwfENb}
{"logTime": "0204/233924", "correlationVector":"PuyoSBT4SfIcUpHlUwfENb.1","action":"SyncServerConnectionManagerRequest", "result":"SYNC_SERVER_OK", "context":{"environment":"Prod_eastus2_prod-s01-050-nam-eastus2", "migrationStage":"NotStarted", "server":"akswtt004000040"}}
{"logTime": "0204/233924", "correlationVector":"PuyoSBT4SfIcUpHlUwfENb.2","action":"GetUpdates Response", "result":"Success", "context":Received 0 update(s). cV=PuyoSBT4SfIcUpHlUwfENb.0;server=akswtt004000040;cloudType=Consumer;environment=Prod_eastus2_prod-s01-050-nam-eastus2;migrationStage=NotStarted}
{"logTime": "0204/233925", "correlationVector":"k9VEdbsBZFglLOVZWt7lgv","action":"Normal GetUpdate request", "result":"", "context":cV=k9VEdbsBZFglLOVZWt7lgv
Nudged types: Preferences, Sessions, Device Info, User Consents, Encryption Keys
Refresh requested types: Bookmarks, Preferences, Passwords, Autofill Profiles, Autofill, Extensions, Sessions, Extension settings, History Delete Directives, Device Info, User Consents, Send Tab To Self, Web Apps, History, Collection, Edge E Drop, Edge Hub App Usage, Edge Tab Group, Edge Wallet, Encryption Keys}
{"logTime": "0204/233925", "correlationVector":"k9VEdbsBZFglLOVZWt7lgv.1","action":"SyncServerConnectionManagerRequest", "result":"SYNC_SERVER_OK", "context":{"environment":"Prod_eastus2_prod-s01-050-nam-eastus2", "migrationStage":"NotStarted", "server":"akswtt00400000h"}}
{"logTime": "0204/233925", "correlationVector":"k9VEdbsBZFglLOVZWt7lgv.2","action":"GetUpdates Response", "result":"Success", "context":Received 0 update(s). cV=k9VEdbsBZFglLOVZWt7lgv.0;server=akswtt00400000h;cloudType=Consumer;environment=Prod_eastus2_prod-s01-050-nam-eastus2;migrationStage=NotStarted}
{"logTime": "0204/233925", "correlationVector":"avls91zuTjnMfIRmhQkcO2","action":"Commit Request", "result":"", "context":Item count: 1
Contributing types: Encryption Keys}
{"logTime": "0204/233925", "correlationVector":"avls91zuTjnMfIRmhQkcO2.1","action":"SyncServerConnectionManagerRequest", "result":"SYNC_SERVER_OK", "context":{"environment":"Prod_eastus2_prod-s01-050-nam-eastus2", "migrationStage":"NotStarted", "server":"akswtt00400001u"}}
{"logTime": "0204/233925", "correlationVector":"avls91zuTjnMfIRmhQkcO2.2","action":"Commit Response", "result":"Success", "context":Result: Success. cV=avls91zuTjnMfIRmhQkcO2.0;server=akswtt00400001u;cloudType=Consumer;environment=Prod_eastus2_prod-s01-050-nam-eastus2;migrationStage=NotStarted}
{"logTime": "0204/233925", "correlationVector":"GKGG29llepRmlTJCP71zdo","action":"Commit Request", "result":"", "context":Item count: 40
Contributing types: Preferences, Passwords, Autofill Profiles, Device Info}
{"logTime": "0204/233927", "correlationVector":"GKGG29llepRmlTJCP71zdo.1","action":"SyncServerConnectionManagerRequest", "result":"SYNC_SERVER_OK", "context":{"environment":"Prod_eastus2_prod-s01-050-nam-eastus2", "migrationStage":"NotStarted", "server":"akswtt00400002z"}}
{"logTime": "0204/233927", "correlationVector":"GKGG29llepRmlTJCP71zdo.2","action":"Commit Response", "result":"Success", "context":Result: Success. cV=GKGG29llepRmlTJCP71zdo.0;server=akswtt00400002z;cloudType=Consumer;environment=Prod_eastus2_prod-s01-050-nam-eastus2;migrationStage=NotStarted}
{"logTime": "0204/233927", "correlationVector":"Y3EELObdyBmHxkssLVm9Lf","action":"Commit Request", "result":"", "context":Item count: 40
Contributing types: Autofill Profiles, Autofill}
{"logTime": "0204/233929", "correlationVector":"Y3EELObdyBmHxkssLVm9Lf.1","action":"SyncServerConnectionManagerRequest", "result":"SYNC_SERVER_OK", "context":{"environment":"Prod_eastus2_prod-s01-050-nam-eastus2", "migrationStage":"NotStarted", "server":"akswtt004000040"}}
{"logTime": "0204/233929", "correlationVector":"Y3EELObdyBmHxkssLVm9Lf.2","action":"Commit Response", "result":"Success", "context":Result: Success. cV=Y3EELObdyBmHxkssLVm9Lf.0;server=akswtt004000040;cloudType=Consumer;environment=Prod_eastus2_prod-s01-050-nam-eastus2;migrationStage=NotStarted}
{"logTime": "0204/233929", "correlationVector":"GJcqzqhavKdP03quUtXuAq","action":"Commit Request", "result":"", "context":Item count: 8
Contributing types: Autofill, Sessions, User Consents}
{"logTime": "0204/233930", "correlationVector":"GJcqzqhavKdP03quUtXuAq.1","action":"SyncServerConnectionManagerRequest", "result":"SYNC_SERVER_OK", "context":{"environment":"Prod_eastus2_prod-s01-050-nam-eastus2", "migrationStage":"NotStarted", "server":"akswtt00400001i"}}
{"logTime": "0204/233930", "correlationVector":"GJcqzqhavKdP03quUtXuAq.2","action":"Commit Response", "result":"Success", "context":Result: Success. cV=GJcqzqhavKdP03quUtXuAq.0;server=akswtt00400001i;cloudType=Consumer;environment=Prod_eastus2_prod-s01-050-nam-eastus2;migrationStage=NotStarted}
{"logTime": "0204/233932", "correlationVector":"kE3qfx4808LiepSPL+qRCE","action":"Commit Request", "result":"", "context":Item count: 1
Contributing types: User Consents}
{"logTime": "0204/233933", "correlationVector":"kE3qfx4808LiepSPL+qRCE.1","action":"SyncServerConnectionManagerRequest", "result":"SYNC_SERVER_OK", "context":{"environment":"Prod_eastus2_prod-s01-050-nam-eastus2", "migrationStage":"NotStarted", "server":"akswtt004000046"}}
{"logTime": "0204/233933", "correlationVector":"kE3qfx4808LiepSPL+qRCE.2","action":"Commit Response", "result":"Success", "context":Result: Success. cV=kE3qfx4808LiepSPL+qRCE.0;server=akswtt004000046;cloudType=Consumer;environment=Prod_eastus2_prod-s01-050-nam-eastus2;migrationStage=NotStarted}
{"logTime": "0204/234006", "correlationVector":"y4rxmZ9HKbloY1TZApkHbE.1","action":"SyncServerConnectionManagerRequest", "result":"SYNC_SERVER_OK", "context":{"environment":"Prod_eastus2_prod-s01-050-nam-eastus2", "migrationStage":"NotStarted", "server":"akswtt00400002s"}}
{"logTime": "0204/234009", "correlationVector":"81DBcnIp9EEUvi79DS+t8f","action":"SyncServerConnectionManagerRequest", "result":"SYNC_SERVER_OK", "context":{"environment":"", "migrationStage":"", "server":""}}
{"logTime": "0204/234009", "correlationVector":"y4rxmZ9HKbloY1TZApkHbE","action":"Initial GetUpdates", "result":"", "context":Reason: NEW_CLIENT. cV=y4rxmZ9HKbloY1TZApkHbE}
{"logTime": "0204/234009", "correlationVector":"y4rxmZ9HKbloY1TZApkHbE.2","action":"GetUpdates Response", "result":"Success", "context":Received 1 update(s). cV=y4rxmZ9HKbloY1TZApkHbE.0;server=akswtt00400002s;cloudType=Consumer;environment=Prod_eastus2_prod-s01-050-nam-eastus2;migrationStage=NotStarted}
{"logTime": "0204/234009", "correlationVector":"5FGi38zAF4yfkr0nnAQCh/","action":"Initial GetUpdates", "result":"", "context":Reason: NEWLY_SUPPORTED_DATATYPE. cV=5FGi38zAF4yfkr0nnAQCh/}
{"logTime": "0204/234009", "correlationVector":"5FGi38zAF4yfkr0nnAQCh/.1","action":"SyncServerConnectionManagerRequest", "result":"SYNC_SERVER_OK", "context":{"environment":"Prod_eastus2_prod-s01-050-nam-eastus2", "migrationStage":"NotStarted", "server":"akswtt00400001j"}}
{"logTime": "0204/234009", "correlationVector":"5FGi38zAF4yfkr0nnAQCh/.2","action":"GetUpdates Response", "result":"Success", "context":Received 22 update(s). cV=5FGi38zAF4yfkr0nnAQCh/.0;server=akswtt00400001j;cloudType=Consumer;environment=Prod_eastus2_prod-s01-050-nam-eastus2;migrationStage=NotStarted}
{"logTime": "0204/234009", "correlationVector":"X+UhecKsdt2s2uxkjxH37q","action":"Normal GetUpdate request", "result":"", "context":cV=X+UhecKsdt2s2uxkjxH37q
Nudged types: Preferences, Sessions
Refresh requested types: Bookmarks, Preferences, Passwords, Autofill Profiles, Autofill, Extensions, Sessions, Extension settings, History Delete Directives, Device Info, User Consents, Send Tab To Self, Web Apps, History, Collection, Edge E Drop, Edge Hub App Usage, Edge Tab Group, Edge Wallet, Encryption Keys}
{"logTime": "0204/234009", "correlationVector":"X+UhecKsdt2s2uxkjxH37q.1","action":"SyncServerConnectionManagerRequest", "result":"SYNC_SERVER_OK", "context":{"environment":"Prod_eastus2_prod-s01-050-nam-eastus2", "migrationStage":"NotStarted", "server":"akswtt004000066"}}
{"logTime": "0204/234009", "correlationVector":"X+UhecKsdt2s2uxkjxH37q.2","action":"GetUpdates Response", "result":"Success", "context":Received 65 update(s). cV=X+UhecKsdt2s2uxkjxH37q.0;server=akswtt004000066;cloudType=Consumer;environment=Prod_eastus2_prod-s01-050-nam-eastus2;migrationStage=NotStarted}
{"logTime": "0204/234010", "correlationVector":"a6i65y01dhvT3wXmaWP65f","action":"Commit Request", "result":"", "context":Item count: 28
Contributing types: Preferences, Autofill Profiles, Sessions}
{"logTime": "0204/234012", "correlationVector":"a6i65y01dhvT3wXmaWP65f.1","action":"SyncServerConnectionManagerRequest", "result":"SYNC_SERVER_OK", "context":{"environment":"Prod_eastus2_prod-s01-050-nam-eastus2", "migrationStage":"NotStarted", "server":"akswtt00400004m"}}
{"logTime": "0204/234012", "correlationVector":"a6i65y01dhvT3wXmaWP65f.3","action":"Commit.Autofill Profiles", "result":"Success", "context":{"id":"359a002c-dce2-4b96-9ae9-1f6b327828a3", "isDeleted":"true", "size":"0", "version":"1738712365568"}}
{"logTime": "0204/234012", "correlationVector":"a6i65y01dhvT3wXmaWP65f.2","action":"Commit Response", "result":"Success", "context":Result: Success. cV=a6i65y01dhvT3wXmaWP65f.0;server=akswtt00400004m;cloudType=Consumer;environment=Prod_eastus2_prod-s01-050-nam-eastus2;migrationStage=NotStarted}
{"logTime": "0204/234012", "correlationVector":"a6i65y01dhvT3wXmaWP65f.4","action":"Commit.Autofill Profiles", "result":"Success", "context":{"id":"2f80ec78-5c5e-4f03-92cc-eab17f8062cd", "isDeleted":"true", "size":"0", "version":"1738712365569"}}
{"logTime": "0204/234012", "correlationVector":"a6i65y01dhvT3wXmaWP65f.5","action":"Commit.Autofill Profiles", "result":"Success", "context":{"id":"2e03acc6-9c71-485d-86ff-e1c49e38766c", "isDeleted":"true", "size":"0", "version":"1738712365570"}}
{"logTime": "0204/234012", "correlationVector":"a6i65y01dhvT3wXmaWP65f.6","action":"Commit.Autofill Profiles", "result":"Success", "context":{"id":"24c87e14-5a17-45ff-bd0d-c9987d0dc9e0", "isDeleted":"true", "size":"0", "version":"1738712365571"}}
{"logTime": "0204/234012", "correlationVector":"a6i65y01dhvT3wXmaWP65f.7","action":"Commit.Autofill Profiles", "result":"Success", "context":{"id":"c8ac8a81-ffdd-487b-aa3e-ff8eff4ca15d", "isDeleted":"true", "size":"0", "version":"1738712365572"}}
{"logTime": "0204/234012", "correlationVector":"a6i65y01dhvT3wXmaWP65f.8","action":"Commit.Autofill Profiles", "result":"Success", "context":{"id":"d581c57b-0ec0-424d-97df-8390b394c59e", "isDeleted":"true", "size":"0", "version":"1738712365573"}}
{"logTime": "0204/234012", "correlationVector":"a6i65y01dhvT3wXmaWP65f.9","action":"Commit.Autofill Profiles", "result":"Success", "context":{"id":"e5c4937c-f1ee-4960-b5d4-eb2ab0c9e792", "isDeleted":"true", "size":"0", "version":"1738712365574"}}
{"logTime": "0204/234012", "correlationVector":"a6i65y01dhvT3wXmaWP65f.10","action":"Commit.Autofill Profiles", "result":"Success", "context":{"id":"258feaf9-140a-4b65-af57-8ebb6e9e0da8", "isDeleted":"true", "size":"0", "version":"1738712365575"}}
{"logTime": "0204/234012", "correlationVector":"a6i65y01dhvT3wXmaWP65f.11","action":"Commit.Autofill Profiles", "result":"Success", "context":{"id":"2abe0b68-2eff-4cc9-898f-3eb9cea1f53b", "isDeleted":"true", "size":"0", "version":"1738712365576"}}
{"logTime": "0204/234012", "correlationVector":"a6i65y01dhvT3wXmaWP65f.12","action":"Commit.Autofill Profiles", "result":"Success", "context":{"id":"931ec190-0719-4876-9fa5-6f7c86c0a545", "isDeleted":"true", "size":"0", "version":"1738712365577"}}
{"logTime": "0204/234012", "correlationVector":"a6i65y01dhvT3wXmaWP65f.13","action":"Commit.Autofill Profiles", "result":"Success", "context":{"id":"2e70a129-c805-4313-aa00-60175957e2c4", "isDeleted":"true", "size":"0", "version":"1738712367610"}}
{"logTime": "0204/234012", "correlationVector":"a6i65y01dhvT3wXmaWP65f.14","action":"Commit.Autofill Profiles", "result":"Success", "context":{"id":"d4cf11b1-c4dc-456f-a7a3-a6cb2a221c81", "isDeleted":"true", "size":"0", "version":"1738712367611"}}
{"logTime": "0204/234012", "correlationVector":"a6i65y01dhvT3wXmaWP65f.15","action":"Commit.Autofill Profiles", "result":"Success", "context":{"id":"9b6a9580-b8d5-4237-85ab-d2d4e199929e", "isDeleted":"true", "size":"0", "version":"1738712367612"}}
{"logTime": "0204/234012", "correlationVector":"a6i65y01dhvT3wXmaWP65f.16","action":"Commit.Autofill Profiles", "result":"Success", "context":{"id":"07370202-6a0f-4123-8f12-43777a82717a", "isDeleted":"true", "size":"0", "version":"1738712367613"}}
{"logTime": "0204/234012", "correlationVector":"a6i65y01dhvT3wXmaWP65f.17","action":"Commit.Autofill Profiles", "result":"Success", "context":{"id":"e5ade97a-a9d5-477a-868b-42c5bf1f11a4", "isDeleted":"true", "size":"0", "version":"1738712367614"}}
{"logTime": "0204/234012", "correlationVector":"a6i65y01dhvT3wXmaWP65f.18","action":"Commit.Autofill Profiles", "result":"Success", "context":{"id":"a639566b-149c-4e29-9d68-f6af63032786", "isDeleted":"true", "size":"0", "version":"1738712367615"}}
{"logTime": "0204/234012", "correlationVector":"a6i65y01dhvT3wXmaWP65f.19","action":"Commit.Autofill Profiles", "result":"Success", "context":{"id":"85d68b3d-a285-4f7e-9b74-e83b587226d1", "isDeleted":"true", "size":"0", "version":"1738712367616"}}
{"logTime": "0204/234012", "correlationVector":"a6i65y01dhvT3wXmaWP65f.20","action":"Commit.Autofill Profiles", "result":"Success", "context":{"id":"833569c9-dd27-409f-9453-2ab91bc8d9dc", "isDeleted":"true", "size":"0", "version":"1738712367617"}}
{"logTime": "0204/234012", "correlationVector":"a6i65y01dhvT3wXmaWP65f.21","action":"Commit.Autofill Profiles", "result":"Success", "context":{"id":"b8c977ba-c13a-413f-b95e-a2acf019341c", "isDeleted":"true", "size":"0", "version":"1738712367618"}}
{"logTime": "0204/234012", "correlationVector":"a6i65y01dhvT3wXmaWP65f.22","action":"Commit.Autofill Profiles", "result":"Success", "context":{"id":"dd068bbe-77ed-407a-b822-9e1e760fa52c", "isDeleted":"true", "size":"0", "version":"1738712367619"}}
{"logTime": "0204/234012", "correlationVector":"a6i65y01dhvT3wXmaWP65f.23","action":"Commit.Autofill Profiles", "result":"Success", "context":{"id":"cb1448dd-7578-4d43-9ef4-d09f99c57023", "isDeleted":"true", "size":"0", "version":"1738712367620"}}
{"logTime": "0204/234012", "correlationVector":"a6i65y01dhvT3wXmaWP65f.24","action":"Commit.Autofill Profiles", "result":"Success", "context":{"id":"57af8716-b628-4488-8007-1d2660476a6d", "isDeleted":"true", "size":"0", "version":"1738712367621"}}
{"logTime": "0204/234012", "correlationVector":"a6i65y01dhvT3wXmaWP65f.25","action":"Commit.Autofill Profiles", "result":"Success", "context":{"id":"c0d11468-b31f-493d-b768-1216c257c5ff", "isDeleted":"true", "size":"0", "version":"1738712367622"}}
{"logTime": "0204/234012", "correlationVector":"a6i65y01dhvT3wXmaWP65f.26","action":"Commit.Sessions", "result":"Success", "context":{"id":"3ee216ec-cb41-4da9-ab8a-57e321b688ea", "isDeleted":"true", "size":"0", "version":"1738712369332"}}
{"logTime": "0204/234012", "correlationVector":"XvVEL1jw912XJstExlrbnk","action":"Commit Request", "result":"", "context":Item count: 3
Contributing types: Preferences}
{"logTime": "0204/234012", "correlationVector":"XvVEL1jw912XJstExlrbnk.1","action":"SyncServerConnectionManagerRequest", "result":"SYNC_SERVER_OK", "context":{"environment":"Prod_eastus2_prod-s01-050-nam-eastus2", "migrationStage":"NotStarted", "server":"akswtt00400004c"}}
{"logTime": "0204/234012", "correlationVector":"XvVEL1jw912XJstExlrbnk.2","action":"Commit Response", "result":"Success", "context":Result: Success. cV=XvVEL1jw912XJstExlrbnk.0;server=akswtt00400004c;cloudType=Consumer;environment=Prod_eastus2_prod-s01-050-nam-eastus2;migrationStage=NotStarted}
{"logTime": "0204/234018", "correlationVector":"c+69UkQLQMmOiv0IaWvghI","action":"Commit Request", "result":"", "context":Item count: 2
Contributing types: Preferences, Sessions}
{"logTime": "0204/234018", "correlationVector":"c+69UkQLQMmOiv0IaWvghI.1","action":"SyncServerConnectionManagerRequest", "result":"SYNC_SERVER_OK", "context":{"environment":"Prod_eastus2_prod-s01-050-nam-eastus2", "migrationStage":"NotStarted", "server":"akswtt00400001l"}}
{"logTime": "0204/234018", "correlationVector":"c+69UkQLQMmOiv0IaWvghI.2","action":"Commit Response", "result":"Success", "context":Result: Success. cV=c+69UkQLQMmOiv0IaWvghI.0;server=akswtt00400001l;cloudType=Consumer;environment=Prod_eastus2_prod-s01-050-nam-eastus2;migrationStage=NotStarted}
{"logTime": "0204/234713", "correlationVector":"sChNXjx1Ki3v1DJjlDKyVE.1","action":"SyncServerConnectionManagerRequest", "result":"SYNC_SERVER_OK", "context":{"environment":"Prod_eastus2_prod-s01-050-nam-eastus2", "migrationStage":"NotStarted", "server":"akswtt00400003f"}}
{"logTime": "0204/234713", "correlationVector":"kctU3WecKYGwdAePaEnbyg","action":"SyncServerConnectionManagerRequest", "result":"SYNC_SERVER_OK", "context":{"environment":"", "migrationStage":"", "server":""}}
{"logTime": "0204/234713", "correlationVector":"sChNXjx1Ki3v1DJjlDKyVE","action":"Initial GetUpdates", "result":"", "context":Reason: NEW_CLIENT. cV=sChNXjx1Ki3v1DJjlDKyVE}
{"logTime": "0204/234713", "correlationVector":"sChNXjx1Ki3v1DJjlDKyVE.2","action":"GetUpdates Response", "result":"Success", "context":Received 1 update(s). cV=sChNXjx1Ki3v1DJjlDKyVE.0;server=akswtt00400003f;cloudType=Consumer;environment=Prod_eastus2_prod-s01-050-nam-eastus2;migrationStage=NotStarted}
{"logTime": "0204/234713", "correlationVector":"QkjyVdKTUVJh8EILxy+0s9","action":"Initial GetUpdates", "result":"", "context":Reason: NEWLY_SUPPORTED_DATATYPE. cV=QkjyVdKTUVJh8EILxy+0s9}
{"logTime": "0204/234714", "correlationVector":"QkjyVdKTUVJh8EILxy+0s9.1","action":"SyncServerConnectionManagerRequest", "result":"SYNC_SERVER_OK", "context":{"environment":"Prod_eastus2_prod-s01-050-nam-eastus2", "migrationStage":"NotStarted", "server":"akswtt00400001k"}}
{"logTime": "0204/234714", "correlationVector":"QkjyVdKTUVJh8EILxy+0s9.2","action":"GetUpdates Response", "result":"Success", "context":Received 22 update(s). cV=QkjyVdKTUVJh8EILxy+0s9.0;server=akswtt00400001k;cloudType=Consumer;environment=Prod_eastus2_prod-s01-050-nam-eastus2;migrationStage=NotStarted}
{"logTime": "0204/234714", "correlationVector":"UmJHM8uyYhHdmHaO4b46Yf","action":"Normal GetUpdate request", "result":"", "context":cV=UmJHM8uyYhHdmHaO4b46Yf
Nudged types: Sessions
Refresh requested types: Bookmarks, Preferences, Passwords, Autofill Profiles, Autofill, Extensions, Sessions, Extension settings, History Delete Directives, Device Info, User Consents, Send Tab To Self, Web Apps, History, Collection, Edge E Drop, Edge Hub App Usage, Edge Tab Group, Edge Wallet, Encryption Keys}
{"logTime": "0204/234715", "correlationVector":"UmJHM8uyYhHdmHaO4b46Yf.1","action":"SyncServerConnectionManagerRequest", "result":"SYNC_SERVER_OK", "context":{"environment":"Prod_eastus2_prod-s01-050-nam-eastus2", "migrationStage":"NotStarted", "server":"akswtt00400002y"}}
{"logTime": "0204/234715", "correlationVector":"UmJHM8uyYhHdmHaO4b46Yf.2","action":"GetUpdates", "result":"DeleteReceived", "context":{"id":"359a002c-dce2-4b96-9ae9-1f6b327828a3", "isDeleted:":"true", "version":"1738712409911"}}
{"logTime": "0204/234715", "correlationVector":"UmJHM8uyYhHdmHaO4b46Yf.3","action":"GetUpdates", "result":"DeleteReceived", "context":{"id":"2f80ec78-5c5e-4f03-92cc-eab17f8062cd", "isDeleted:":"true", "version":"1738712409912"}}
{"logTime": "0204/234715", "correlationVector":"UmJHM8uyYhHdmHaO4b46Yf.4","action":"GetUpdates", "result":"DeleteReceived", "context":{"id":"2e03acc6-9c71-485d-86ff-e1c49e38766c", "isDeleted:":"true", "version":"1738712409913"}}
{"logTime": "0204/234715", "correlationVector":"UmJHM8uyYhHdmHaO4b46Yf.5","action":"GetUpdates", "result":"DeleteReceived", "context":{"id":"24c87e14-5a17-45ff-bd0d-c9987d0dc9e0", "isDeleted:":"true", "version":"1738712409914"}}
{"logTime": "0204/234715", "correlationVector":"UmJHM8uyYhHdmHaO4b46Yf.6","action":"GetUpdates", "result":"DeleteReceived", "context":{"id":"c8ac8a81-ffdd-487b-aa3e-ff8eff4ca15d", "isDeleted:":"true", "version":"1738712409915"}}
{"logTime": "0204/234715", "correlationVector":"UmJHM8uyYhHdmHaO4b46Yf.7","action":"GetUpdates", "result":"DeleteReceived", "context":{"id":"d581c57b-0ec0-424d-97df-8390b394c59e", "isDeleted:":"true", "version":"1738712409916"}}
{"logTime": "0204/234715", "correlationVector":"UmJHM8uyYhHdmHaO4b46Yf.8","action":"GetUpdates", "result":"DeleteReceived", "context":{"id":"e5c4937c-f1ee-4960-b5d4-eb2ab0c9e792", "isDeleted:":"true", "version":"1738712409917"}}
{"logTime": "0204/234715", "correlationVector":"UmJHM8uyYhHdmHaO4b46Yf.9","action":"GetUpdates", "result":"DeleteReceived", "context":{"id":"258feaf9-140a-4b65-af57-8ebb6e9e0da8", "isDeleted:":"true", "version":"1738712409918"}}
{"logTime": "0204/234715", "correlationVector":"UmJHM8uyYhHdmHaO4b46Yf.10","action":"GetUpdates", "result":"DeleteReceived", "context":{"id":"2abe0b68-2eff-4cc9-898f-3eb9cea1f53b", "isDeleted:":"true", "version":"1738712409919"}}
{"logTime": "0204/234715", "correlationVector":"UmJHM8uyYhHdmHaO4b46Yf.11","action":"GetUpdates", "result":"DeleteReceived", "context":{"id":"931ec190-0719-4876-9fa5-6f7c86c0a545", "isDeleted:":"true", "version":"1738712409920"}}
{"logTime": "0204/234715", "correlationVector":"UmJHM8uyYhHdmHaO4b46Yf.12","action":"GetUpdates", "result":"DeleteReceived", "context":{"id":"2e70a129-c805-4313-aa00-60175957e2c4", "isDeleted:":"true", "version":"1738712409921"}}
{"logTime": "0204/234715", "correlationVector":"UmJHM8uyYhHdmHaO4b46Yf.13","action":"GetUpdates", "result":"DeleteReceived", "context":{"id":"d4cf11b1-c4dc-456f-a7a3-a6cb2a221c81", "isDeleted:":"true", "version":"1738712409922"}}
{"logTime": "0204/234715", "correlationVector":"UmJHM8uyYhHdmHaO4b46Yf.14","action":"GetUpdates", "result":"DeleteReceived", "context":{"id":"9b6a9580-b8d5-4237-85ab-d2d4e199929e", "isDeleted:":"true", "version":"1738712409923"}}
{"logTime": "0204/234715", "correlationVector":"UmJHM8uyYhHdmHaO4b46Yf.15","action":"GetUpdates", "result":"DeleteReceived", "context":{"id":"07370202-6a0f-4123-8f12-43777a82717a", "isDeleted:":"true", "version":"1738712409924"}}
{"logTime": "0204/234715", "correlationVector":"UmJHM8uyYhHdmHaO4b46Yf.16","action":"GetUpdates", "result":"DeleteReceived", "context":{"id":"e5ade97a-a9d5-477a-868b-42c5bf1f11a4", "isDeleted:":"true", "version":"1738712409925"}}
{"logTime": "0204/234715", "correlationVector":"UmJHM8uyYhHdmHaO4b46Yf.17","action":"GetUpdates", "result":"DeleteReceived", "context":{"id":"a639566b-149c-4e29-9d68-f6af63032786", "isDeleted:":"true", "version":"1738712409926"}}
{"logTime": "0204/234715", "correlationVector":"UmJHM8uyYhHdmHaO4b46Yf.18","action":"GetUpdates", "result":"DeleteReceived", "context":{"id":"85d68b3d-a285-4f7e-9b74-e83b587226d1", "isDeleted:":"true", "version":"1738712409927"}}
{"logTime": "0204/234715", "correlationVector":"UmJHM8uyYhHdmHaO4b46Yf.19","action":"GetUpdates", "result":"DeleteReceived", "context":{"id":"833569c9-dd27-409f-9453-2ab91bc8d9dc", "isDeleted:":"true", "version":"1738712409928"}}
{"logTime": "0204/234715", "correlationVector":"UmJHM8uyYhHdmHaO4b46Yf.20","action":"GetUpdates", "result":"DeleteReceived", "context":{"id":"b8c977ba-c13a-413f-b95e-a2acf019341c", "isDeleted:":"true", "version":"1738712409929"}}
{"logTime": "0204/234715", "correlationVector":"UmJHM8uyYhHdmHaO4b46Yf.21","action":"GetUpdates", "result":"DeleteReceived", "context":{"id":"dd068bbe-77ed-407a-b822-9e1e760fa52c", "isDeleted:":"true", "version":"1738712409930"}}
{"logTime": "0204/234715", "correlationVector":"UmJHM8uyYhHdmHaO4b46Yf.22","action":"GetUpdates", "result":"DeleteReceived", "context":{"id":"cb1448dd-7578-4d43-9ef4-d09f99c57023", "isDeleted:":"true", "version":"1738712409931"}}
{"logTime": "0204/234715", "correlationVector":"UmJHM8uyYhHdmHaO4b46Yf.23","action":"GetUpdates", "result":"DeleteReceived", "context":{"id":"57af8716-b628-4488-8007-1d2660476a6d", "isDeleted:":"true", "version":"1738712409932"}}
{"logTime": "0204/234715", "correlationVector":"UmJHM8uyYhHdmHaO4b46Yf.24","action":"GetUpdates", "result":"DeleteReceived", "context":{"id":"c0d11468-b31f-493d-b768-1216c257c5ff", "isDeleted:":"true", "version":"1738712409933"}}
{"logTime": "0204/234715", "correlationVector":"UmJHM8uyYhHdmHaO4b46Yf.25","action":"GetUpdates", "result":"DeleteReceived", "context":{"id":"3ee216ec-cb41-4da9-ab8a-57e321b688ea", "isDeleted:":"true", "version":"1738712409935"}}
{"logTime": "0204/234715", "correlationVector":"UmJHM8uyYhHdmHaO4b46Yf.26","action":"GetUpdates Response", "result":"Success", "context":Received 32 update(s). cV=UmJHM8uyYhHdmHaO4b46Yf.0;server=akswtt00400002y;cloudType=Consumer;environment=Prod_eastus2_prod-s01-050-nam-eastus2;migrationStage=NotStarted}
{"logTime": "0204/234715", "correlationVector":"xGiD6UsZekYkfSCLGW4EqU","action":"DoCompareDataConsistency requsted types: ", "result":"Bookmarks, Preferences, Passwords, Extensions, Extension settings, History Delete Directives, Send Tab To Self, Web Apps, History, Collection, Edge E Drop, Edge Tab Group, Edge Wallet, Encryption Keys"}
{"logTime": "0204/234715", "correlationVector":"xGiD6UsZekYkfSCLGW4EqU.0","action":"CompareDataConsistency result: ", "result":"Compare result: Encryption Keys is consistent. local entities count is: 1 local entities hash is: rGSSNDXqU53R8Mg7BqTA9IvrIgE="}
{"logTime": "0204/234715", "correlationVector":"xGiD6UsZekYkfSCLGW4EqU.1","action":"CompareDataConsistency result: ", "result":"Compare result: Bookmarks is consistent. local entities count is: 13 local entities hash is: REgQQ6Q4l52WcxcmEm6wiHWkfsY="}
{"logTime": "0204/234715", "correlationVector":"xGiD6UsZekYkfSCLGW4EqU.2","action":"CompareDataConsistency result: ", "result":"Compare result: Preferences is consistent. local entities count is: 72 local entities hash is: dDsT4LJzUZ7oMXLa82VLJjAPkIQ="}
{"logTime": "0204/234715", "correlationVector":"xGiD6UsZekYkfSCLGW4EqU.3","action":"CompareDataConsistency result: ", "result":"Compare result: Extensions is consistent. local entities count is: 1 local entities hash is: cuQV0rsomUg52l3m0YUDujQyxkw="}
{"logTime": "0204/234715", "correlationVector":"xGiD6UsZekYkfSCLGW4EqU.4","action":"CompareDataConsistency result: ", "result":"Compare result: Extension settings is consistent. local entities count is: 0 local entities hash is: "}
{"logTime": "0204/234715", "correlationVector":"xGiD6UsZekYkfSCLGW4EqU.5","action":"CompareDataConsistency result: ", "result":"Compare result: History Delete Directives is consistent. local entities count is: 0 local entities hash is: "}
{"logTime": "0204/234715", "correlationVector":"xGiD6UsZekYkfSCLGW4EqU.6","action":"CompareDataConsistency result: ", "result":"Server did not send this Send Tab To Self local entities count is: 0 local entities hash is: "}
{"logTime": "0204/234715", "correlationVector":"xGiD6UsZekYkfSCLGW4EqU.7","action":"CompareDataConsistency result: ", "result":"Compare result: Web Apps is consistent. local entities count is: 0 local entities hash is: "}
{"logTime": "0204/234715", "correlationVector":"xGiD6UsZekYkfSCLGW4EqU.8","action":"CompareDataConsistency result: ", "result":"Server did not send this History local entities count is: 0 local entities hash is: "}
{"logTime": "0204/234715", "correlationVector":"xGiD6UsZekYkfSCLGW4EqU.9","action":"CompareDataConsistency result: ", "result":"Compare result: Collection is consistent. local entities count is: 0 local entities hash is: "}
{"logTime": "0204/234715", "correlationVector":"xGiD6UsZekYkfSCLGW4EqU.10","action":"CompareDataConsistency result: ", "result":"Compare result: Edge E Drop is consistent. local entities count is: 0 local entities hash is: "}
{"logTime": "0204/234715", "correlationVector":"xGiD6UsZekYkfSCLGW4EqU.11","action":"CompareDataConsistency result: ", "result":"Compare result: Edge Tab Group is consistent. local entities count is: 0 local entities hash is: "}
{"logTime": "0204/234715", "correlationVector":"xGiD6UsZekYkfSCLGW4EqU.12","action":"CompareDataConsistency result: ", "result":"Compare result: Edge Wallet is consistent. local entities count is: 0 local entities hash is: "}
{"logTime": "0204/234715", "correlationVector":"xGiD6UsZekYkfSCLGW4EqU.13","action":"CompareDataConsistency result: ", "result":"Compare result: Passwords is consistent. local entities count is: 22 local entities hash is: BFo+MPTv9aapaRxtFV/77hKOkgg="}
{"logTime": "0204/234715", "correlationVector":"zP+gJo250BoU329CPGZi4Z","action":"Commit Request", "result":"", "context":Item count: 3
Contributing types: Sessions}
{"logTime": "0204/234715", "correlationVector":"zP+gJo250BoU329CPGZi4Z.1","action":"SyncServerConnectionManagerRequest", "result":"SYNC_SERVER_OK", "context":{"environment":"Prod_eastus2_prod-s01-050-nam-eastus2", "migrationStage":"NotStarted", "server":"akswtt00400004m"}}
{"logTime": "0204/234715", "correlationVector":"zP+gJo250BoU329CPGZi4Z.2","action":"Commit Response", "result":"Success", "context":Result: Success. cV=zP+gJo250BoU329CPGZi4Z.0;server=akswtt00400004m;cloudType=Consumer;environment=Prod_eastus2_prod-s01-050-nam-eastus2;migrationStage=NotStarted}
{"logTime": "0204/234715", "correlationVector":"zP+gJo250BoU329CPGZi4Z.3","action":"Commit.Sessions", "result":"Success", "context":{"id":"10e00320-6c6d-4154-a259-391868d01837", "isDeleted":"true", "size":"0", "version":"1738712418160"}}
{"logTime": "0204/234715", "correlationVector":"","action":"DIAGNOSTIC_REQUEST|v1/diagnosticData/Diagnostic.SendCheckResult()|SUCCESS", "result":""}
