2025-02-01 11:11:54.400: [INFO][Sync] Reset engine, reason: 8
2025-02-01 11:11:54.400: [INFO][Sync] Stopped: Bookmarks
2025-02-01 11:11:54.400: [INFO][Sync] Stopped: Preferences
2025-02-01 11:11:54.400: [INFO][Sync] Stopped: Passwords
2025-02-01 11:11:54.400: [INFO][Sync] Stopped: Autofill Profiles
2025-02-01 11:11:54.400: [INFO][Sync] Stopped: Autofill
2025-02-01 11:11:54.400: [INFO][Sync] Stopped: Extensions
2025-02-01 11:11:54.400: [INFO][Sync] Stopped: Sessions
2025-02-01 11:11:54.400: [INFO][Sync] Stopped: Extension settings
2025-02-01 11:11:54.400: [INFO][Sync] Stopped: History Delete Directives
2025-02-01 11:11:54.400: [INFO][Sync] Stopped: Device Info
2025-02-01 11:11:54.400: [INFO][Sync] Stopped: User Consents
2025-02-01 11:11:54.400: [INFO][Sync] Stopped: Send Tab To Self
2025-02-01 11:11:54.400: [INFO][Sync] Stopped: Web Apps
2025-02-01 11:11:54.400: [INFO][Sync] Stopped: History
2025-02-01 11:11:54.400: [INFO][Sync] Stopped: Collection
2025-02-01 11:11:54.400: [INFO][Sync] Stopped: Edge E Drop
2025-02-01 11:11:54.400: [INFO][Sync] Stopped: Edge Hub App Usage
2025-02-01 11:11:54.400: [INFO][Sync] Stopped: Edge Tab Group
2025-02-01 11:11:54.400: [INFO][Sync] Stopped: Edge Wallet
2025-02-01 11:11:54.400: [INFO][Sync] SyncState after authenticated was: NotSignedIn
2025-02-01 11:11:54.644: [INFO][Sync] Reset engine, reason: 8
2025-02-01 11:11:54.644: [INFO][Sync] Stopped: Bookmarks
2025-02-01 11:11:54.644: [INFO][Sync] Stopped: Preferences
2025-02-01 11:11:54.644: [INFO][Sync] Stopped: Passwords
2025-02-01 11:11:54.644: [INFO][Sync] Stopped: Autofill Profiles
2025-02-01 11:11:54.644: [INFO][Sync] Stopped: Autofill
2025-02-01 11:11:54.644: [INFO][Sync] Stopped: Extensions
2025-02-01 11:11:54.644: [INFO][Sync] Stopped: Sessions
2025-02-01 11:11:54.644: [INFO][Sync] Stopped: Extension settings
2025-02-01 11:11:54.644: [INFO][Sync] Stopped: History Delete Directives
2025-02-01 11:11:54.644: [INFO][Sync] Stopped: Device Info
2025-02-01 11:11:54.644: [INFO][Sync] Stopped: User Consents
2025-02-01 11:11:54.644: [INFO][Sync] Stopped: Send Tab To Self
2025-02-01 11:11:54.644: [INFO][Sync] Stopped: Web Apps
2025-02-01 11:11:54.644: [INFO][Sync] Stopped: History
2025-02-01 11:11:54.644: [INFO][Sync] Stopped: Collection
2025-02-01 11:11:54.644: [INFO][Sync] Stopped: Edge E Drop
2025-02-01 11:11:54.644: [INFO][Sync] Stopped: Edge Hub App Usage
2025-02-01 11:11:54.644: [INFO][Sync] Stopped: Edge Tab Group
2025-02-01 11:11:54.644: [INFO][Sync] Stopped: Edge Wallet
2025-02-01 11:36:36.632: [INFO][Sync] Reset engine, reason: 0
2025-02-04 23:39:05.866: [INFO][Sync] Reset engine, reason: 8
2025-02-04 23:39:05.866: [INFO][Sync] Stopped: Bookmarks
2025-02-04 23:39:05.866: [INFO][Sync] Stopped: Preferences
2025-02-04 23:39:05.866: [INFO][Sync] Stopped: Passwords
2025-02-04 23:39:05.866: [INFO][Sync] Stopped: Autofill Profiles
2025-02-04 23:39:05.866: [INFO][Sync] Stopped: Autofill
2025-02-04 23:39:05.866: [INFO][Sync] Stopped: Extensions
2025-02-04 23:39:05.866: [INFO][Sync] Stopped: Sessions
2025-02-04 23:39:05.866: [INFO][Sync] Stopped: Extension settings
2025-02-04 23:39:05.866: [INFO][Sync] Stopped: History Delete Directives
2025-02-04 23:39:05.866: [INFO][Sync] Stopped: Device Info
2025-02-04 23:39:05.866: [INFO][Sync] Stopped: User Consents
2025-02-04 23:39:05.866: [INFO][Sync] Stopped: Send Tab To Self
2025-02-04 23:39:05.866: [INFO][Sync] Stopped: Web Apps
2025-02-04 23:39:05.866: [INFO][Sync] Stopped: History
2025-02-04 23:39:05.866: [INFO][Sync] Stopped: Collection
2025-02-04 23:39:05.866: [INFO][Sync] Stopped: Edge E Drop
2025-02-04 23:39:05.866: [INFO][Sync] Stopped: Edge Hub App Usage
2025-02-04 23:39:05.866: [INFO][Sync] Stopped: Edge Tab Group
2025-02-04 23:39:05.866: [INFO][Sync] Stopped: Edge Wallet
2025-02-04 23:39:05.866: [INFO][Sync] SyncState after authenticated was: NotSignedIn
2025-02-04 23:39:06.068: [INFO][Sync] Reset engine, reason: 8
2025-02-04 23:39:06.068: [INFO][Sync] Stopped: Bookmarks
2025-02-04 23:39:06.068: [INFO][Sync] Stopped: Preferences
2025-02-04 23:39:06.068: [INFO][Sync] Stopped: Passwords
2025-02-04 23:39:06.068: [INFO][Sync] Stopped: Autofill Profiles
2025-02-04 23:39:06.068: [INFO][Sync] Stopped: Autofill
2025-02-04 23:39:06.068: [INFO][Sync] Stopped: Extensions
2025-02-04 23:39:06.068: [INFO][Sync] Stopped: Sessions
2025-02-04 23:39:06.068: [INFO][Sync] Stopped: Extension settings
2025-02-04 23:39:06.068: [INFO][Sync] Stopped: History Delete Directives
2025-02-04 23:39:06.068: [INFO][Sync] Stopped: Device Info
2025-02-04 23:39:06.068: [INFO][Sync] Stopped: User Consents
2025-02-04 23:39:06.068: [INFO][Sync] Stopped: Send Tab To Self
2025-02-04 23:39:06.068: [INFO][Sync] Stopped: Web Apps
2025-02-04 23:39:06.068: [INFO][Sync] Stopped: History
2025-02-04 23:39:06.068: [INFO][Sync] Stopped: Collection
2025-02-04 23:39:06.068: [INFO][Sync] Stopped: Edge E Drop
2025-02-04 23:39:06.068: [INFO][Sync] Stopped: Edge Hub App Usage
2025-02-04 23:39:06.068: [INFO][Sync] Stopped: Edge Tab Group
2025-02-04 23:39:06.068: [INFO][Sync] Stopped: Edge Wallet
2025-02-04 23:39:06.170: [INFO][Sync] Try to start sync engine
2025-02-04 23:39:06.183: [INFO][SyncManagerImpl::NudgeForInitialDownload] Initial download nudge for Encryption Keys
2025-02-04 23:39:06.183: [INFO][SyncEngineBackend::LoadAndConnectNigoriController] Load and connect Nigori controller
2025-02-04 23:39:06.183: [INFO][SyncEngineBackend::DoInitialize] Control Types added: Encryption Keys
2025-02-04 23:39:06.183: [INFO][SyncManagerImpl::ConfigureSyncer] Types to download: Encryption Keys with reason: 3
2025-02-04 23:39:06.183: [INFO][SyncSchedulerImpl::DoConfigurationSyncCycleJob] Configure job was blocked
2025-02-04 23:39:06.267: [INFO][SyncAuthManager::SetLastAuthError] Current auth error: None
2025-02-04 23:39:06.267: [INFO][SyncAuthManager::EdgeLogTokenErrorState] Token error with: None for account type: MSA
2025-02-04 23:39:06.267: [INFO][Sync] Credentials changed for: EdgeSyncScopeNew
2025-02-04 23:39:17.508: [INFO][SyncAuthManager::SetLastAuthError] Current auth error: None
2025-02-04 23:39:17.508: [INFO][SyncAuthManager::EdgeLogTokenErrorState] Token error with: None for account type: MSA
2025-02-04 23:39:17.508: [INFO][Sync] Credentials changed for: EdgeSyncKeyDataScope
2025-02-04 23:39:17.508: [INFO][SyncEngineBackend::DoUpdateKeyDataCredentials] Update key data credentials
2025-02-04 23:39:17.509: [INFO][SyncEngineBackend::DoUpdateCredentials] Update credentials
2025-02-04 23:39:17.509: [INFO][SyncSchedulerImpl::DoConfigurationSyncCycleJob] Blocked types:  and types to download: Encryption Keys
2025-02-04 23:39:18.364: [INFO][Sync] Started DataTypeManager configuration, reason: 4
2025-02-04 23:39:18.364: [INFO][Sync] Configuring for: Bookmarks, Preferences, Passwords, Autofill Profiles, Autofill, Extensions, Sessions, Extension settings, History Delete Directives, Device Info, User Consents, Send Tab To Self, Web Apps, History, Collection, Edge E Drop, Edge Hub App Usage, Edge Tab Group, Edge Wallet, Encryption Keys, reason: 3, current state: 0
2025-02-04 23:39:18.366: [INFO][Sync] Configure, desired: Bookmarks, Preferences, Extensions, Sessions, Extension settings, History Delete Directives, Device Info, User Consents, Send Tab To Self, Web Apps, History, Collection, Edge E Drop, Edge Hub App Usage, Edge Tab Group, Edge Wallet, Encryption Keys; Allow fail: Passwords, Autofill Profiles, Autofill
2025-02-04 23:39:18.367: [INFO][Sync] Loading: Bookmarks
2025-02-04 23:39:18.368: [INFO][Sync] Loading: Preferences
2025-02-04 23:39:18.368: [INFO][Sync] Loading: Extensions
2025-02-04 23:39:18.369: [INFO][Sync] Loading: Sessions
2025-02-04 23:39:18.370: [INFO][Sync] Loading: Extension settings
2025-02-04 23:39:18.370: [INFO][Sync] Loading: History Delete Directives
2025-02-04 23:39:18.370: [INFO][Sync] Loading: Device Info
2025-02-04 23:39:18.371: [INFO][Sync] Loading: User Consents
2025-02-04 23:39:18.371: [INFO][Sync] Loading: Send Tab To Self
2025-02-04 23:39:18.371: [INFO][Sync] Loading: Web Apps
2025-02-04 23:39:18.371: [INFO][Sync] Loading: History
2025-02-04 23:39:18.371: [INFO][Sync] Loading: Collection
2025-02-04 23:39:18.371: [INFO][Sync] Loading: Edge E Drop
2025-02-04 23:39:18.371: [INFO][Sync] Loading: Edge Hub App Usage
2025-02-04 23:39:18.371: [INFO][Sync] Loading: Edge Tab Group
2025-02-04 23:39:18.371: [INFO][Sync] Loading: Edge Wallet
2025-02-04 23:39:18.376: [INFO][Sync] All data types are ready for configure.
2025-02-04 23:39:23.744: [INFO][Sync] Started DataTypeManager configuration, reason: 5
2025-02-04 23:39:23.744: [INFO][Sync] Configuring for: Bookmarks, Preferences, Passwords, Autofill Profiles, Autofill, Extensions, Sessions, Extension settings, History Delete Directives, Device Info, User Consents, Send Tab To Self, Web Apps, History, Collection, Edge E Drop, Edge Hub App Usage, Edge Tab Group, Edge Wallet, Encryption Keys, reason: 5, current state: 1
2025-02-04 23:39:23.749: [INFO][SyncEngineBackend::DoStartConfiguration] Start configuration
2025-02-04 23:39:23.750: [INFO][SyncManagerImpl::NudgeForInitialDownload] Initial download nudge for Bookmarks
2025-02-04 23:39:23.750: [INFO][SyncManagerImpl::NudgeForInitialDownload] Initial download nudge for Preferences
2025-02-04 23:39:23.750: [INFO][SyncManagerImpl::NudgeForInitialDownload] Initial download nudge for Extensions
2025-02-04 23:39:23.750: [INFO][SyncManagerImpl::NudgeForInitialDownload] Initial download nudge for Sessions
2025-02-04 23:39:23.750: [INFO][SyncManagerImpl::NudgeForInitialDownload] Initial download nudge for Extension settings
2025-02-04 23:39:23.750: [INFO][SyncManagerImpl::NudgeForInitialDownload] Initial download nudge for History Delete Directives
2025-02-04 23:39:23.750: [INFO][SyncManagerImpl::NudgeForInitialDownload] Initial download nudge for Device Info
2025-02-04 23:39:23.750: [INFO][SyncManagerImpl::NudgeForInitialDownload] Initial download nudge for Send Tab To Self
2025-02-04 23:39:23.750: [INFO][SyncManagerImpl::NudgeForInitialDownload] Initial download nudge for Web Apps
2025-02-04 23:39:23.750: [INFO][SyncManagerImpl::NudgeForInitialDownload] Initial download nudge for History
2025-02-04 23:39:23.750: [INFO][SyncManagerImpl::NudgeForInitialDownload] Initial download nudge for Collection
2025-02-04 23:39:23.750: [INFO][SyncManagerImpl::NudgeForInitialDownload] Initial download nudge for Edge E Drop
2025-02-04 23:39:23.750: [INFO][SyncManagerImpl::NudgeForInitialDownload] Initial download nudge for Edge Hub App Usage
2025-02-04 23:39:23.750: [INFO][SyncManagerImpl::NudgeForInitialDownload] Initial download nudge for Edge Tab Group
2025-02-04 23:39:23.750: [INFO][SyncManagerImpl::NudgeForInitialDownload] Initial download nudge for Edge Wallet
2025-02-04 23:39:23.750: [INFO][SyncManagerImpl::ConfigureSyncer] Types to download:  with reason: 3
2025-02-04 23:39:23.750: [INFO][SyncEngineBackend::DoFinishConfigureDataTypes] Failed to download types:  and succeeded types: 
2025-02-04 23:39:23.755: [INFO][Sync] ConfigurationDone, failed: , succeeded: , remaining count: 4
2025-02-04 23:39:23.755: [WARN][Sync]     Reconfigure requested while configuration ongoing.
2025-02-04 23:39:23.755: [INFO][Sync] Configuring for: Bookmarks, Preferences, Passwords, Autofill Profiles, Autofill, Extensions, Sessions, Extension settings, History Delete Directives, Device Info, User Consents, Send Tab To Self, Web Apps, History, Collection, Edge E Drop, Edge Hub App Usage, Edge Tab Group, Edge Wallet, Encryption Keys, reason: 5, current state: 2
2025-02-04 23:39:23.755: [INFO][Sync] Configure, desired: Bookmarks, Preferences, Passwords, Autofill Profiles, Autofill, Extensions, Sessions, Extension settings, History Delete Directives, Device Info, User Consents, Send Tab To Self, Web Apps, History, Collection, Edge E Drop, Edge Hub App Usage, Edge Tab Group, Edge Wallet, Encryption Keys; Allow fail: 
2025-02-04 23:39:23.755: [INFO][Sync] Loading: Passwords
2025-02-04 23:39:23.755: [INFO][Sync] Loading: Autofill Profiles
2025-02-04 23:39:23.755: [INFO][Sync] Loading: Autofill
2025-02-04 23:39:23.756: [INFO][Sync] All data types are ready for configure.
2025-02-04 23:39:23.756: [INFO][SyncManagerImpl::NudgeForInitialDownload] Initial download nudge for Passwords
2025-02-04 23:39:23.756: [INFO][SyncManagerImpl::NudgeForInitialDownload] Initial download nudge for Autofill Profiles
2025-02-04 23:39:23.756: [INFO][SyncManagerImpl::NudgeForInitialDownload] Initial download nudge for Autofill
2025-02-04 23:39:23.756: [INFO][SyncManagerImpl::ConfigureSyncer] Types to download:  with reason: 5
2025-02-04 23:39:23.756: [INFO][SyncEngineBackend::DoFinishConfigureDataTypes] Failed to download types:  and succeeded types: 
2025-02-04 23:39:23.756: [INFO][Sync] ConfigurationDone, failed: , succeeded: , remaining count: 4
2025-02-04 23:39:23.757: [INFO][Sync] Prepare to configure types: Preferences, Passwords, Device Info, Send Tab To Self, Edge E Drop, Encryption Keys
2025-02-04 23:39:23.757: [INFO][SyncManagerImpl::ConfigureSyncer] Types to download: Preferences, Passwords, Device Info, Send Tab To Self, Edge E Drop, Encryption Keys with reason: 5
2025-02-04 23:39:23.757: [INFO][SyncSchedulerImpl::DoConfigurationSyncCycleJob] Blocked types:  and types to download: Preferences, Passwords, Device Info, Send Tab To Self, Edge E Drop, Encryption Keys
2025-02-04 23:39:24.089: [INFO][SyncEngineBackend::DoFinishConfigureDataTypes] Failed to download types:  and succeeded types: Preferences, Passwords, Device Info, Send Tab To Self, Edge E Drop, Encryption Keys
2025-02-04 23:39:24.187: [INFO][Sync] ConfigurationDone, failed: , succeeded: Preferences, Passwords, Device Info, Send Tab To Self, Edge E Drop, Encryption Keys, remaining count: 3
2025-02-04 23:39:24.187: [INFO][Sync] Prepare to configure types: Bookmarks, Encryption Keys
2025-02-04 23:39:24.187: [INFO][SyncManagerImpl::ConfigureSyncer] Types to download: Bookmarks, Encryption Keys with reason: 5
2025-02-04 23:39:24.187: [INFO][SyncSchedulerImpl::DoConfigurationSyncCycleJob] Blocked types:  and types to download: Bookmarks, Encryption Keys
2025-02-04 23:39:24.413: [INFO][SyncEngineBackend::DoFinishConfigureDataTypes] Failed to download types:  and succeeded types: Bookmarks, Encryption Keys
2025-02-04 23:39:24.422: [INFO][Sync] ConfigurationDone, failed: , succeeded: Bookmarks, Encryption Keys, remaining count: 2
2025-02-04 23:39:24.423: [INFO][Sync] Prepare to configure types: Autofill Profiles, Autofill, Extensions, Sessions, Extension settings, History Delete Directives, Web Apps, Collection, Edge Hub App Usage, Edge Tab Group, Edge Wallet, Encryption Keys
2025-02-04 23:39:24.423: [INFO][SyncManagerImpl::ConfigureSyncer] Types to download: Autofill Profiles, Autofill, Extensions, Sessions, Extension settings, History Delete Directives, Web Apps, Collection, Edge Hub App Usage, Edge Tab Group, Edge Wallet, Encryption Keys with reason: 5
2025-02-04 23:39:24.423: [INFO][SyncSchedulerImpl::DoConfigurationSyncCycleJob] Blocked types:  and types to download: Autofill Profiles, Autofill, Extensions, Sessions, Extension settings, History Delete Directives, Web Apps, Collection, Edge Hub App Usage, Edge Tab Group, Edge Wallet, Encryption Keys
2025-02-04 23:39:24.727: [INFO][SyncEngineBackend::DoFinishConfigureDataTypes] Failed to download types:  and succeeded types: Autofill Profiles, Autofill, Extensions, Sessions, Extension settings, History Delete Directives, Web Apps, Collection, Edge Hub App Usage, Edge Tab Group, Edge Wallet, Encryption Keys
2025-02-04 23:39:24.735: [INFO][Sync] ConfigurationDone, failed: , succeeded: Autofill Profiles, Autofill, Extensions, Sessions, Extension settings, History Delete Directives, Web Apps, Collection, Edge Hub App Usage, Edge Tab Group, Edge Wallet, Encryption Keys, remaining count: 1
2025-02-04 23:39:24.736: [INFO][Sync] Prepare to configure types: History, Encryption Keys
2025-02-04 23:39:24.736: [INFO][SyncManagerImpl::ConfigureSyncer] Types to download: History, Encryption Keys with reason: 5
2025-02-04 23:39:24.736: [INFO][SyncSchedulerImpl::DoConfigurationSyncCycleJob] Blocked types:  and types to download: History, Encryption Keys
2025-02-04 23:39:25.040: [INFO][SyncEngineBackend::DoFinishConfigureDataTypes] Failed to download types:  and succeeded types: History, Encryption Keys
2025-02-04 23:39:25.044: [INFO][Sync] ConfigurationDone, failed: , succeeded: History, Encryption Keys, remaining count: 0
2025-02-04 23:39:25.047: [INFO][Sync]     Configuration completed, state: 7
2025-02-04 23:39:25.048: [INFO][Sync] Configured DataTypeManager: Ok
2025-02-04 23:39:25.052: [INFO][SyncEngineBackend::DoStartSyncing] Start syncing
2025-02-04 23:40:05.033: [INFO][Sync] SyncState after authenticated was: FeatureCanStart
2025-02-04 23:40:05.491: [INFO][Sync] Try to start sync engine
2025-02-04 23:40:05.492: [INFO][SyncManagerImpl::NudgeForInitialDownload] Initial download nudge for Encryption Keys
2025-02-04 23:40:05.492: [INFO][SyncEngineBackend::LoadAndConnectNigoriController] Load and connect Nigori controller
2025-02-04 23:40:05.492: [INFO][SyncEngineBackend::DoInitialize] Control Types added: Encryption Keys
2025-02-04 23:40:05.492: [INFO][SyncManagerImpl::ConfigureSyncer] Types to download: Encryption Keys with reason: 3
2025-02-04 23:40:05.492: [INFO][SyncSchedulerImpl::DoConfigurationSyncCycleJob] Configure job was blocked
2025-02-04 23:40:05.551: [INFO][SyncAuthManager::SetLastAuthError] Current auth error: None
2025-02-04 23:40:05.552: [INFO][SyncAuthManager::EdgeLogTokenErrorState] Token error with: None for account type: MSA
2025-02-04 23:40:05.552: [INFO][Sync] Credentials changed for: EdgeSyncScopeNew
2025-02-04 23:40:05.946: [INFO][SyncAuthManager::SetLastAuthError] Current auth error: None
2025-02-04 23:40:05.946: [INFO][SyncAuthManager::EdgeLogTokenErrorState] Token error with: None for account type: MSA
2025-02-04 23:40:05.946: [INFO][Sync] Credentials changed for: EdgeSyncKeyDataScope
2025-02-04 23:40:05.946: [INFO][SyncEngineBackend::DoUpdateKeyDataCredentials] Update key data credentials
2025-02-04 23:40:05.946: [INFO][SyncEngineBackend::DoUpdateCredentials] Update credentials
2025-02-04 23:40:05.946: [INFO][SyncSchedulerImpl::DoConfigurationSyncCycleJob] Blocked types:  and types to download: Encryption Keys
2025-02-04 23:40:06.320: [INFO][Sync] Started DataTypeManager configuration, reason: 4
2025-02-04 23:40:06.320: [INFO][Sync] Configuring for: Bookmarks, Preferences, Passwords, Autofill Profiles, Autofill, Extensions, Sessions, Extension settings, History Delete Directives, Device Info, User Consents, Send Tab To Self, Web Apps, History, Collection, Edge E Drop, Edge Hub App Usage, Edge Tab Group, Edge Wallet, Encryption Keys, reason: 4, current state: 0
2025-02-04 23:40:06.326: [INFO][Sync] Configure, desired: Bookmarks, Preferences, Extensions, Sessions, Extension settings, History Delete Directives, Device Info, User Consents, Send Tab To Self, Web Apps, History, Collection, Edge E Drop, Edge Hub App Usage, Edge Tab Group, Edge Wallet, Encryption Keys; Allow fail: Passwords, Autofill Profiles, Autofill
2025-02-04 23:40:06.326: [INFO][Sync] Loading: Bookmarks
2025-02-04 23:40:06.326: [INFO][Sync] Loading: Preferences
2025-02-04 23:40:06.326: [INFO][Sync] Loading: Extensions
2025-02-04 23:40:06.326: [INFO][Sync] Loading: Sessions
2025-02-04 23:40:06.326: [INFO][Sync] Loading: Extension settings
2025-02-04 23:40:06.326: [INFO][Sync] Loading: History Delete Directives
2025-02-04 23:40:06.326: [INFO][Sync] Loading: Device Info
2025-02-04 23:40:06.326: [INFO][Sync] Loading: User Consents
2025-02-04 23:40:06.326: [INFO][Sync] Loading: Send Tab To Self
2025-02-04 23:40:06.326: [INFO][Sync] Loading: Web Apps
2025-02-04 23:40:06.326: [INFO][Sync] Loading: History
2025-02-04 23:40:06.326: [INFO][Sync] Loading: Collection
2025-02-04 23:40:06.326: [INFO][Sync] Loading: Edge E Drop
2025-02-04 23:40:06.326: [INFO][Sync] Loading: Edge Hub App Usage
2025-02-04 23:40:06.326: [INFO][Sync] Loading: Edge Tab Group
2025-02-04 23:40:06.326: [INFO][Sync] Loading: Edge Wallet
2025-02-04 23:40:06.339: [INFO][Sync] All data types are ready for configure.
2025-02-04 23:40:09.077: [INFO][SyncEngineBackend::DoStartConfiguration] Start configuration
2025-02-04 23:40:09.078: [INFO][SyncManagerImpl::ConfigureSyncer] Types to download:  with reason: 4
2025-02-04 23:40:09.078: [INFO][SyncEngineBackend::DoFinishConfigureDataTypes] Failed to download types:  and succeeded types: 
2025-02-04 23:40:09.081: [INFO][Sync] Started DataTypeManager configuration, reason: 5
2025-02-04 23:40:09.081: [INFO][Sync] Configuring for: Bookmarks, Preferences, Passwords, Autofill Profiles, Autofill, Extensions, Sessions, Extension settings, History Delete Directives, Device Info, User Consents, Send Tab To Self, Web Apps, History, Collection, Edge E Drop, Edge Hub App Usage, Edge Tab Group, Edge Wallet, Encryption Keys, reason: 5, current state: 1
2025-02-04 23:40:09.088: [INFO][Sync] ConfigurationDone, failed: , succeeded: , remaining count: 4
2025-02-04 23:40:09.088: [WARN][Sync]     Reconfigure requested while configuration ongoing.
2025-02-04 23:40:09.088: [INFO][Sync] Configuring for: Bookmarks, Preferences, Passwords, Autofill Profiles, Autofill, Extensions, Sessions, Extension settings, History Delete Directives, Device Info, User Consents, Send Tab To Self, Web Apps, History, Collection, Edge E Drop, Edge Hub App Usage, Edge Tab Group, Edge Wallet, Encryption Keys, reason: 5, current state: 2
2025-02-04 23:40:09.088: [INFO][Sync] Configure, desired: Bookmarks, Preferences, Passwords, Autofill Profiles, Autofill, Extensions, Sessions, Extension settings, History Delete Directives, Device Info, User Consents, Send Tab To Self, Web Apps, History, Collection, Edge E Drop, Edge Hub App Usage, Edge Tab Group, Edge Wallet, Encryption Keys; Allow fail: 
2025-02-04 23:40:09.088: [INFO][Sync] Loading: Passwords
2025-02-04 23:40:09.088: [INFO][Sync] Loading: Autofill Profiles
2025-02-04 23:40:09.088: [INFO][Sync] Loading: Autofill
2025-02-04 23:40:09.088: [INFO][Sync] All data types are ready for configure.
2025-02-04 23:40:09.088: [INFO][SyncManagerImpl::NudgeForInitialDownload] Initial download nudge for Passwords
2025-02-04 23:40:09.088: [INFO][SyncManagerImpl::ConfigureSyncer] Types to download:  with reason: 5
2025-02-04 23:40:09.089: [INFO][SyncEngineBackend::DoFinishConfigureDataTypes] Failed to download types:  and succeeded types: 
2025-02-04 23:40:09.090: [INFO][Sync] ConfigurationDone, failed: , succeeded: , remaining count: 4
2025-02-04 23:40:09.090: [INFO][Sync] Prepare to configure types: Passwords, Encryption Keys
2025-02-04 23:40:09.090: [INFO][SyncManagerImpl::ConfigureSyncer] Types to download: Passwords, Encryption Keys with reason: 5
2025-02-04 23:40:09.090: [INFO][SyncSchedulerImpl::DoConfigurationSyncCycleJob] Blocked types:  and types to download: Passwords, Encryption Keys
2025-02-04 23:40:09.379: [INFO][SyncEngineBackend::DoFinishConfigureDataTypes] Failed to download types:  and succeeded types: Passwords, Encryption Keys
2025-02-04 23:40:09.384: [INFO][Sync] ConfigurationDone, failed: , succeeded: Passwords, Encryption Keys, remaining count: 3
2025-02-04 23:40:09.384: [INFO][SyncManagerImpl::ConfigureSyncer] Types to download:  with reason: 5
2025-02-04 23:40:09.384: [INFO][SyncEngineBackend::DoFinishConfigureDataTypes] Failed to download types:  and succeeded types: 
2025-02-04 23:40:09.385: [INFO][Sync] ConfigurationDone, failed: , succeeded: , remaining count: 2
2025-02-04 23:40:09.385: [INFO][SyncManagerImpl::ConfigureSyncer] Types to download:  with reason: 5
2025-02-04 23:40:09.385: [INFO][SyncEngineBackend::DoFinishConfigureDataTypes] Failed to download types:  and succeeded types: 
2025-02-04 23:40:09.388: [INFO][Sync] ConfigurationDone, failed: , succeeded: , remaining count: 1
2025-02-04 23:40:09.394: [INFO][SyncManagerImpl::ConfigureSyncer] Types to download:  with reason: 5
2025-02-04 23:40:09.394: [INFO][SyncEngineBackend::DoFinishConfigureDataTypes] Failed to download types:  and succeeded types: 
2025-02-04 23:40:09.394: [INFO][Sync] ConfigurationDone, failed: , succeeded: , remaining count: 0
2025-02-04 23:40:09.399: [INFO][Sync]     Configuration completed, state: 7
2025-02-04 23:40:09.399: [INFO][Sync] Configured DataTypeManager: Ok
2025-02-04 23:40:09.404: [INFO][SyncEngineBackend::DoStartSyncing] Start syncing
2025-02-04 23:41:43.444: [INFO][Sync] Reset engine, reason: 0
2025-02-04 23:41:43.444: [INFO][Sync] Reset engine with reason: 0
2025-02-04 23:47:01.199: [INFO][Sync] SyncState after authenticated was: FeatureCanStart
2025-02-04 23:47:01.659: [INFO][Sync] Try to start sync engine
2025-02-04 23:47:01.660: [INFO][SyncManagerImpl::NudgeForInitialDownload] Initial download nudge for Encryption Keys
2025-02-04 23:47:01.660: [INFO][SyncEngineBackend::LoadAndConnectNigoriController] Load and connect Nigori controller
2025-02-04 23:47:01.660: [INFO][SyncEngineBackend::DoInitialize] Control Types added: Encryption Keys
2025-02-04 23:47:01.660: [INFO][SyncManagerImpl::ConfigureSyncer] Types to download: Encryption Keys with reason: 3
2025-02-04 23:47:01.660: [INFO][SyncSchedulerImpl::DoConfigurationSyncCycleJob] Configure job was blocked
2025-02-04 23:47:01.697: [INFO][SyncAuthManager::SetLastAuthError] Current auth error: None
2025-02-04 23:47:01.697: [INFO][SyncAuthManager::EdgeLogTokenErrorState] Token error with: None for account type: MSA
2025-02-04 23:47:01.697: [INFO][Sync] Credentials changed for: EdgeSyncScopeNew
2025-02-04 23:47:12.818: [INFO][SyncAuthManager::SetLastAuthError] Current auth error: None
2025-02-04 23:47:12.818: [INFO][SyncAuthManager::EdgeLogTokenErrorState] Token error with: None for account type: MSA
2025-02-04 23:47:12.818: [INFO][Sync] Credentials changed for: EdgeSyncKeyDataScope
2025-02-04 23:47:12.819: [INFO][SyncEngineBackend::DoUpdateKeyDataCredentials] Update key data credentials
2025-02-04 23:47:12.819: [INFO][SyncEngineBackend::DoUpdateCredentials] Update credentials
2025-02-04 23:47:12.819: [INFO][SyncSchedulerImpl::DoConfigurationSyncCycleJob] Blocked types:  and types to download: Encryption Keys
2025-02-04 23:47:13.127: [INFO][Sync] Started DataTypeManager configuration, reason: 4
2025-02-04 23:47:13.127: [INFO][Sync] Configuring for: Bookmarks, Preferences, Passwords, Autofill Profiles, Autofill, Extensions, Sessions, Extension settings, History Delete Directives, Device Info, User Consents, Send Tab To Self, Web Apps, History, Collection, Edge E Drop, Edge Hub App Usage, Edge Tab Group, Edge Wallet, Encryption Keys, reason: 4, current state: 0
2025-02-04 23:47:13.128: [INFO][Sync] Configure, desired: Bookmarks, Preferences, Extensions, Sessions, Extension settings, History Delete Directives, Device Info, User Consents, Send Tab To Self, Web Apps, History, Collection, Edge E Drop, Edge Hub App Usage, Edge Tab Group, Edge Wallet, Encryption Keys; Allow fail: Passwords, Autofill Profiles, Autofill
2025-02-04 23:47:13.128: [INFO][Sync] Loading: Bookmarks
2025-02-04 23:47:13.128: [INFO][Sync] Loading: Preferences
2025-02-04 23:47:13.128: [INFO][Sync] Loading: Extensions
2025-02-04 23:47:13.128: [INFO][Sync] Loading: Sessions
2025-02-04 23:47:13.128: [INFO][Sync] Loading: Extension settings
2025-02-04 23:47:13.128: [INFO][Sync] Loading: History Delete Directives
2025-02-04 23:47:13.128: [INFO][Sync] Loading: Device Info
2025-02-04 23:47:13.128: [INFO][Sync] Loading: User Consents
2025-02-04 23:47:13.128: [INFO][Sync] Loading: Send Tab To Self
2025-02-04 23:47:13.128: [INFO][Sync] Loading: Web Apps
2025-02-04 23:47:13.128: [INFO][Sync] Loading: History
2025-02-04 23:47:13.128: [INFO][Sync] Loading: Collection
2025-02-04 23:47:13.128: [INFO][Sync] Loading: Edge E Drop
2025-02-04 23:47:13.128: [INFO][Sync] Loading: Edge Hub App Usage
2025-02-04 23:47:13.128: [INFO][Sync] Loading: Edge Tab Group
2025-02-04 23:47:13.128: [INFO][Sync] Loading: Edge Wallet
2025-02-04 23:47:13.134: [INFO][Sync] All data types are ready for configure.
2025-02-04 23:47:13.840: [INFO][Sync] Started DataTypeManager configuration, reason: 5
2025-02-04 23:47:13.840: [INFO][Sync] Configuring for: Bookmarks, Preferences, Passwords, Autofill Profiles, Autofill, Extensions, Sessions, Extension settings, History Delete Directives, Device Info, User Consents, Send Tab To Self, Web Apps, History, Collection, Edge E Drop, Edge Hub App Usage, Edge Tab Group, Edge Wallet, Encryption Keys, reason: 5, current state: 1
2025-02-04 23:47:13.840: [INFO][SyncEngineBackend::DoStartConfiguration] Start configuration
2025-02-04 23:47:13.841: [INFO][SyncManagerImpl::ConfigureSyncer] Types to download:  with reason: 4
2025-02-04 23:47:13.841: [INFO][SyncEngineBackend::DoFinishConfigureDataTypes] Failed to download types:  and succeeded types: 
2025-02-04 23:47:13.841: [INFO][Sync] ConfigurationDone, failed: , succeeded: , remaining count: 4
2025-02-04 23:47:13.841: [WARN][Sync]     Reconfigure requested while configuration ongoing.
2025-02-04 23:47:13.842: [INFO][Sync] Configuring for: Bookmarks, Preferences, Passwords, Autofill Profiles, Autofill, Extensions, Sessions, Extension settings, History Delete Directives, Device Info, User Consents, Send Tab To Self, Web Apps, History, Collection, Edge E Drop, Edge Hub App Usage, Edge Tab Group, Edge Wallet, Encryption Keys, reason: 5, current state: 2
2025-02-04 23:47:13.842: [INFO][Sync] Configure, desired: Bookmarks, Preferences, Passwords, Autofill Profiles, Autofill, Extensions, Sessions, Extension settings, History Delete Directives, Device Info, User Consents, Send Tab To Self, Web Apps, History, Collection, Edge E Drop, Edge Hub App Usage, Edge Tab Group, Edge Wallet, Encryption Keys; Allow fail: 
2025-02-04 23:47:13.842: [INFO][Sync] Loading: Passwords
2025-02-04 23:47:13.842: [INFO][Sync] Loading: Autofill Profiles
2025-02-04 23:47:13.842: [INFO][Sync] Loading: Autofill
2025-02-04 23:47:13.842: [INFO][Sync] All data types are ready for configure.
2025-02-04 23:47:13.842: [INFO][SyncManagerImpl::NudgeForInitialDownload] Initial download nudge for Passwords
2025-02-04 23:47:13.842: [INFO][SyncManagerImpl::ConfigureSyncer] Types to download:  with reason: 5
2025-02-04 23:47:13.842: [INFO][SyncEngineBackend::DoFinishConfigureDataTypes] Failed to download types:  and succeeded types: 
2025-02-04 23:47:13.842: [INFO][Sync] ConfigurationDone, failed: , succeeded: , remaining count: 4
2025-02-04 23:47:13.842: [INFO][Sync] Prepare to configure types: Passwords, Encryption Keys
2025-02-04 23:47:13.842: [INFO][SyncManagerImpl::ConfigureSyncer] Types to download: Passwords, Encryption Keys with reason: 5
2025-02-04 23:47:13.842: [INFO][SyncSchedulerImpl::DoConfigurationSyncCycleJob] Blocked types:  and types to download: Passwords, Encryption Keys
2025-02-04 23:47:14.174: [INFO][SyncEngineBackend::DoFinishConfigureDataTypes] Failed to download types:  and succeeded types: Passwords, Encryption Keys
2025-02-04 23:47:14.175: [INFO][Sync] ConfigurationDone, failed: , succeeded: Passwords, Encryption Keys, remaining count: 3
2025-02-04 23:47:14.175: [INFO][SyncManagerImpl::ConfigureSyncer] Types to download:  with reason: 5
2025-02-04 23:47:14.175: [INFO][SyncEngineBackend::DoFinishConfigureDataTypes] Failed to download types:  and succeeded types: 
2025-02-04 23:47:14.175: [INFO][Sync] ConfigurationDone, failed: , succeeded: , remaining count: 2
2025-02-04 23:47:14.175: [INFO][SyncManagerImpl::ConfigureSyncer] Types to download:  with reason: 5
2025-02-04 23:47:14.175: [INFO][SyncEngineBackend::DoFinishConfigureDataTypes] Failed to download types:  and succeeded types: 
2025-02-04 23:47:14.178: [INFO][Sync] ConfigurationDone, failed: , succeeded: , remaining count: 1
2025-02-04 23:47:14.179: [INFO][SyncManagerImpl::ConfigureSyncer] Types to download:  with reason: 5
2025-02-04 23:47:14.179: [INFO][SyncEngineBackend::DoFinishConfigureDataTypes] Failed to download types:  and succeeded types: 
2025-02-04 23:47:14.180: [INFO][Sync] ConfigurationDone, failed: , succeeded: , remaining count: 0
2025-02-04 23:47:14.180: [INFO][Sync]     Configuration completed, state: 7
2025-02-04 23:47:14.181: [INFO][Sync] Configured DataTypeManager: Ok
2025-02-04 23:47:14.183: [INFO][SyncEngineBackend::DoStartSyncing] Start syncing
